Created by PLY version 3.11 (http://www.dabeaz.com/ply)

Grammar

Rule 0     S' -> inicio
Rule 1     inicio -> objeto
Rule 2     objeto -> LBRACE miembros RBRACE
Rule 3     miembros -> par
Rule 4     miembros -> miembros COMMA par
Rule 5     par -> STRING COLON valor
Rule 6     valor -> STRING
Rule 7     valor -> NUMBER
Rule 8     valor -> objeto

Terminals, with rules where they appear

COLON                : 5
COMMA                : 4
LBRACE               : 2
NUMBER               : 7
RBRACE               : 2
STRING               : 5 6
error                : 

Nonterminals, with rules where they appear

inicio               : 0
miembros             : 2 4
objeto               : 1 8
par                  : 3 4
valor                : 5

Parsing method: LALR

state 0

    (0) S' -> . inicio
    (1) inicio -> . objeto
    (2) objeto -> . LBRACE miembros RBRACE

    LBRACE          shift and go to state 3

    inicio                         shift and go to state 1
    objeto                         shift and go to state 2

state 1

    (0) S' -> inicio .



state 2

    (1) inicio -> objeto .

    $end            reduce using rule 1 (inicio -> objeto .)


state 3

    (2) objeto -> LBRACE . miembros RBRACE
    (3) miembros -> . par
    (4) miembros -> . miembros COMMA par
    (5) par -> . STRING COLON valor

    STRING          shift and go to state 6

    miembros                       shift and go to state 4
    par                            shift and go to state 5

state 4

    (2) objeto -> LBRACE miembros . RBRACE
    (4) miembros -> miembros . COMMA par

    RBRACE          shift and go to state 7
    COMMA           shift and go to state 8


state 5

    (3) miembros -> par .

    RBRACE          reduce using rule 3 (miembros -> par .)
    COMMA           reduce using rule 3 (miembros -> par .)


state 6

    (5) par -> STRING . COLON valor

    COLON           shift and go to state 9


state 7

    (2) objeto -> LBRACE miembros RBRACE .

    $end            reduce using rule 2 (objeto -> LBRACE miembros RBRACE .)
    RBRACE          reduce using rule 2 (objeto -> LBRACE miembros RBRACE .)
    COMMA           reduce using rule 2 (objeto -> LBRACE miembros RBRACE .)


state 8

    (4) miembros -> miembros COMMA . par
    (5) par -> . STRING COLON valor

    STRING          shift and go to state 6

    par                            shift and go to state 10

state 9

    (5) par -> STRING COLON . valor
    (6) valor -> . STRING
    (7) valor -> . NUMBER
    (8) valor -> . objeto
    (2) objeto -> . LBRACE miembros RBRACE

    STRING          shift and go to state 11
    NUMBER          shift and go to state 13
    LBRACE          shift and go to state 3

    valor                          shift and go to state 12
    objeto                         shift and go to state 14

state 10

    (4) miembros -> miembros COMMA par .

    RBRACE          reduce using rule 4 (miembros -> miembros COMMA par .)
    COMMA           reduce using rule 4 (miembros -> miembros COMMA par .)


state 11

    (6) valor -> STRING .

    RBRACE          reduce using rule 6 (valor -> STRING .)
    COMMA           reduce using rule 6 (valor -> STRING .)


state 12

    (5) par -> STRING COLON valor .

    RBRACE          reduce using rule 5 (par -> STRING COLON valor .)
    COMMA           reduce using rule 5 (par -> STRING COLON valor .)


state 13

    (7) valor -> NUMBER .

    RBRACE          reduce using rule 7 (valor -> NUMBER .)
    COMMA           reduce using rule 7 (valor -> NUMBER .)


state 14

    (8) valor -> objeto .

    RBRACE          reduce using rule 8 (valor -> objeto .)
    COMMA           reduce using rule 8 (valor -> objeto .)

